2024-06-24T16:40:27,416 [main] INFO  (Test_CallCenterModule.java:50) - Test Passed : Menu button is visible and clickable on the web page
2024-06-24T16:40:32,992 [main] INFO  (Test_CallCenterModule.java:75) - Test Passed : User is able to open Registration Against Entity By IRDAI Page
2024-06-24T16:40:33,088 [main] INFO  (Test_CallCenterModule.java:94) - Test Passed : Identify By drop down is visible on the web page
2024-06-24T16:40:33,137 [main] INFO  (Test_CallCenterModule.java:104) - Test Passed : Mobile number or Email input field is visible on the page
2024-06-24T16:40:33,177 [main] INFO  (Test_CallCenterModule.java:114) - Test Passed : Search button present on the web page
2024-06-24T16:40:33,225 [main] INFO  (Test_CallCenterModule.java:124) - Test Passed : PinCode checkbox is visible and enabled
2024-06-24T16:40:37,479 [main] INFO  (Test_CallCenterModule.java:144) - Test Passed : Is Complaint Registered radio buttons are clickable
2024-06-24T16:40:38,856 [main] INFO  (Test_CallCenterModule.java:164) - Test Passed : Mobile Number option present and it's label and field is visible
2024-06-24T16:40:38,903 [main] INFO  (Test_CallCenterModule.java:182) - Test Passed : Search button is enabled
2024-06-24T16:40:45,350 [main] INFO  (Test_CallCenterModule.java:203) - Test Passed : Error popUp displayed for invalid mobile number
2024-06-24T16:40:47,635 [main] INFO  (Test_CallCenterModule.java:225) - Test Passed : Error message displayed for empty mobile number
2024-06-24T16:40:51,974 [main] INFO  (Test_CallCenterModule.java:249) - Test Passed : Error message displayed for less than 10 digit mobile number
2024-06-24T16:40:56,340 [main] INFO  (Test_CallCenterModule.java:271) - Test Passed : Existing user details displayed correctly with valid mobile number
2024-06-24T16:41:01,825 [main] INFO  (Test_CallCenterModule.java:295) - Test Passed : Email ID option present and it's label and field is visible
2024-06-24T16:41:05,089 [main] INFO  (Test_CallCenterModule.java:317) - Test Passed : Warning pop up displayed when searching with empty emailID field
2024-06-24T16:41:10,630 [main] INFO  (Test_CallCenterModule.java:338) - Test Passed : Warning popUp displayed for invalid email Id
2024-06-24T16:41:15,164 [main] INFO  (Test_CallCenterModule.java:359) - Test Passed : Existing user details displayed correctly with valid email ID
2024-06-24T16:41:15,322 [main] INFO  (Test_CallCenterModule.java:376) - Test Passed : Pin code field is visible
2024-06-24T16:41:18,694 [main] INFO  (Test_CallCenterModule.java:396) - Test Passed : District and state not populated for invalid pinCode
2024-06-24T16:41:22,116 [main] INFO  (Test_CallCenterModule.java:416) - Test Passed : District and state auto populated for valid pinCode
2024-06-24T16:41:22,285 [main] INFO  (Test_CallCenterModule.java:432) - Test Passed : Call center user is able to interact with complaint against dropdown
2024-06-24T16:41:24,655 [main] INFO  (Test_CallCenterModule.java:449) - Test Passed : Required fields are displayed for complaint against insurance company
2024-06-24T16:41:26,976 [main] INFO  (Test_CallCenterModule.java:468) - Test Passed : Expected error message displayed for select option in complaint against dropdown
2024-06-24T16:41:34,726 [main] INFO  (Test_CallCenterModule.java:488) - Test Passed : Only Required fields are visible for complaint against unregistered entity without involvement of insurance company
2024-06-24T16:41:41,383 [main] INFO  (Test_CallCenterModule.java:509) - Test Passed : Required fields are visible for complaint against unregistered entity with involvement of insurance company
2024-06-24T16:41:45,803 [main] INFO  (Test_CallCenterModule.java:528) - Test Passed : Required fields are visible for complaint against insurance intermediary
2024-06-24T16:41:48,084 [main] INFO  (Test_CallCenterModule.java:547) - Test Passed : Broker dropdown list and it's license number field is visible
2024-06-24T16:41:50,636 [main] INFO  (Test_CallCenterModule.java:557) - Test Passed : Broker license number populated correctly
2024-06-24T16:41:50,779 [main] INFO  (Test_CallCenterModule.java:576) - Test Passed : All identifier type radio buttons are enabled
2024-06-24T16:41:51,076 [main] INFO  (Test_CallCenterModule.java:596) - Test Passed : Error message displayed for empty policy/proposal/certificate/claim number field
2024-06-24T16:42:02,901 [main] INFO  (Test_CallCenterModule.java:616) - Test Passed : Alert pop up displayed when reaching maximum limit
2024-06-24T16:42:07,461 [main] INFO  (Test_CallCenterModule.java:640) - Test Passed : Error message displayed for empty complaint details field
2024-06-24T16:42:08,894 [main] INFO  (Test_CallCenterModule.java:660) - Test Passed : Error message displayed for special characters entered in complaint details field
2024-06-24T16:42:34,279 [main] INFO  (Test_CallCenterModule.java:680) - Test Passed : Alert pop up displayed when reaching maximum limit
2024-06-24T16:42:35,767 [main] INFO  (Test_CallCenterModule.java:700) - Test Passed : Error message displayed when source of complaint not selected
2024-06-24T16:42:44,182 [main] INFO  (Test_CallCenterModule.java:720) - Test Passed : Error message displayed when date of letter not selected
2024-06-24T16:42:44,814 [main] INFO  (Test_CallCenterModule.java:739) - Test Passed : Error message displayed for invalid date format
2024-06-24T16:42:46,305 [main] INFO  (Test_CallCenterModule.java:759) - Test Passed : Error message displayed when date of receipt of complaint not selected
2024-06-24T16:42:46,937 [main] INFO  (Test_CallCenterModule.java:778) - Test Passed : Error message displayed for date of receipt of complaint with invalid date format
2024-06-24T16:42:50,386 [main] INFO  (Test_CallCenterModule.java:801) - Test Passed : Call center user is not able to upload other file formats
2024-06-24T16:42:52,701 [main] INFO  (Test_CallCenterModule.java:823) - Test Passed : Call center user is not able to upload more than 10mb size file
2024-06-24T16:42:55,437 [main] INFO  (Test_CallCenterModule.java:844) - Test Passed : Error message displayed for special characters entered in priority handling details field
2024-06-24T16:43:20,135 [main] INFO  (Test_CallCenterModule.java:862) - Test Passed : Alert pop up displayed when reaching maximum limit
2024-06-24T16:43:20,898 [main] INFO  (Test_CallCenterModule.java:882) - Test Passed : Error message displayed for special characters entered in remarks field
2024-06-24T16:43:45,507 [main] INFO  (Test_CallCenterModule.java:901) - Test Passed : Alert pop up displayed when reaching maximum limit
2024-06-24T16:43:53,087 [main] INFO  (Test_CallCenterModule.java:925) - Test Passed : Back button functionality is working by dismissing alert pop up
2024-06-24T16:43:54,354 [main] ERROR (Test_CallCenterModule.java:952) - Test Failed : Back button functionality not working by accepting alert pop up!
2024-06-24T16:44:01,667 [main] ERROR (MainClass.java:118) - org.openqa.selenium.ElementClickInterceptedException: element click intercepted: Element <button id="Logout" class="btn btn-secondary quit">...</button> is not clickable at point (1237, 67). Other element would receive the click: <div class="modal show" id="confirmationDialog" style="display: block; padding-right: 8px;">...</div>
  (Session info: chrome=126.0.6478.115)
Build info: version: '4.15.0', revision: '1d14b5521b'
System info: os.name: 'Windows 11', os.arch: 'amd64', os.version: '10.0', java.version: '21.0.2'
Driver info: org.openqa.selenium.chrome.ChromeDriver
Command: [35c64bf06b808594e0928a4156bfba23, clickElement {id=f.9C6C271D3D6ABBF5E903411C60AC8EA1.d.0745C453CD0F646312EDEE6A8B264FDA.e.690}]
Capabilities {acceptInsecureCerts: false, browserName: chrome, browserVersion: 126.0.6478.115, chrome: {chromedriverVersion: 126.0.6478.63 (df799988fdc9..., userDataDir: C:\Users\ABHISH~1\AppData\L...}, fedcm:accounts: true, goog:chromeOptions: {debuggerAddress: localhost:58288}, networkConnectionEnabled: false, pageLoadStrategy: normal, platformName: windows, proxy: Proxy(), se:cdp: ws://localhost:58288/devtoo..., se:cdpVersion: 126.0.6478.115, setWindowRect: true, strictFileInteractability: false, timeouts: {implicit: 0, pageLoad: 300000, script: 30000}, unhandledPromptBehavior: dismiss and notify, webauthn:extension:credBlob: true, webauthn:extension:largeBlob: true, webauthn:extension:minPinLength: true, webauthn:extension:prf: true, webauthn:virtualAuthenticators: true}
Element: [[ChromeDriver: chrome on windows (35c64bf06b808594e0928a4156bfba23)] -> xpath: //button[@id='Logout']]
Session ID: 35c64bf06b808594e0928a4156bfba23
	at java.base/jdk.internal.reflect.DirectConstructorHandleAccessor.newInstance(DirectConstructorHandleAccessor.java:62)
	at java.base/java.lang.reflect.Constructor.newInstanceWithCaller(Constructor.java:502)
	at java.base/java.lang.reflect.Constructor.newInstance(Constructor.java:486)
	at org.openqa.selenium.remote.codec.w3c.W3CHttpResponseCodec.createException(W3CHttpResponseCodec.java:200)
	at org.openqa.selenium.remote.codec.w3c.W3CHttpResponseCodec.decode(W3CHttpResponseCodec.java:133)
	at org.openqa.selenium.remote.codec.w3c.W3CHttpResponseCodec.decode(W3CHttpResponseCodec.java:52)
	at org.openqa.selenium.remote.HttpCommandExecutor.execute(HttpCommandExecutor.java:191)
	at org.openqa.selenium.remote.service.DriverCommandExecutor.invokeExecute(DriverCommandExecutor.java:200)
	at org.openqa.selenium.remote.service.DriverCommandExecutor.execute(DriverCommandExecutor.java:175)
	at org.openqa.selenium.remote.RemoteWebDriver.execute(RemoteWebDriver.java:607)
	at org.openqa.selenium.remote.RemoteWebElement.execute(RemoteWebElement.java:224)
	at org.openqa.selenium.remote.RemoteWebElement.click(RemoteWebElement.java:77)
	at java.base/jdk.internal.reflect.DirectMethodHandleAccessor.invoke(DirectMethodHandleAccessor.java:103)
	at java.base/java.lang.reflect.Method.invoke(Method.java:580)
	at org.openqa.selenium.support.pagefactory.internal.LocatingElementHandler.invoke(LocatingElementHandler.java:51)
	at jdk.proxy2/jdk.proxy2.$Proxy32.click(Unknown Source)
	at ObjectRepository.CallcenterRegPage.logOutCancel(CallcenterRegPage.java:874)
	at CallCenterModule.Test_CallCenterModule.test_verify_logoff_unsuccess(Test_CallCenterModule.java:963)
	at java.base/jdk.internal.reflect.DirectMethodHandleAccessor.invoke(DirectMethodHandleAccessor.java:103)
	at java.base/java.lang.reflect.Method.invoke(Method.java:580)
	at org.testng.internal.invokers.MethodInvocationHelper.invokeMethod(MethodInvocationHelper.java:139)
	at org.testng.internal.invokers.TestInvoker.invokeMethod(TestInvoker.java:664)
	at org.testng.internal.invokers.TestInvoker.invokeTestMethod(TestInvoker.java:227)
	at org.testng.internal.invokers.MethodRunner.runInSequence(MethodRunner.java:50)
	at org.testng.internal.invokers.TestInvoker$MethodInvocationAgent.invoke(TestInvoker.java:957)
	at org.testng.internal.invokers.TestInvoker.invokeTestMethods(TestInvoker.java:200)
	at org.testng.internal.invokers.TestMethodWorker.invokeTestMethods(TestMethodWorker.java:148)
	at org.testng.internal.invokers.TestMethodWorker.run(TestMethodWorker.java:128)
	at java.base/java.util.ArrayList.forEach(ArrayList.java:1596)
	at org.testng.TestRunner.privateRun(TestRunner.java:848)
	at org.testng.TestRunner.run(TestRunner.java:621)
	at org.testng.SuiteRunner.runTest(SuiteRunner.java:443)
	at org.testng.SuiteRunner.runSequentially(SuiteRunner.java:437)
	at org.testng.SuiteRunner.privateRun(SuiteRunner.java:397)
	at org.testng.SuiteRunner.run(SuiteRunner.java:336)
	at org.testng.SuiteRunnerWorker.runSuite(SuiteRunnerWorker.java:52)
	at org.testng.SuiteRunnerWorker.run(SuiteRunnerWorker.java:95)
	at org.testng.TestNG.runSuitesSequentially(TestNG.java:1280)
	at org.testng.TestNG.runSuitesLocally(TestNG.java:1200)
	at org.testng.TestNG.runSuites(TestNG.java:1114)
	at org.testng.TestNG.run(TestNG.java:1082)
	at com.intellij.rt.testng.IDEARemoteTestNG.run(IDEARemoteTestNG.java:65)
	at com.intellij.rt.testng.RemoteTestNGStarter.main(RemoteTestNGStarter.java:105)

2024-06-24T16:44:03,271 [main] ERROR (MainClass.java:118) - org.openqa.selenium.ElementClickInterceptedException: element click intercepted: Element <button id="Logout" class="btn btn-secondary quit">...</button> is not clickable at point (1237, 67). Other element would receive the click: <div class="modal show" id="confirmationDialog" style="display: block; padding-right: 8px;">...</div>
  (Session info: chrome=126.0.6478.115)
Build info: version: '4.15.0', revision: '1d14b5521b'
System info: os.name: 'Windows 11', os.arch: 'amd64', os.version: '10.0', java.version: '21.0.2'
Driver info: org.openqa.selenium.chrome.ChromeDriver
Command: [35c64bf06b808594e0928a4156bfba23, clickElement {id=f.9C6C271D3D6ABBF5E903411C60AC8EA1.d.0745C453CD0F646312EDEE6A8B264FDA.e.690}]
Capabilities {acceptInsecureCerts: false, browserName: chrome, browserVersion: 126.0.6478.115, chrome: {chromedriverVersion: 126.0.6478.63 (df799988fdc9..., userDataDir: C:\Users\ABHISH~1\AppData\L...}, fedcm:accounts: true, goog:chromeOptions: {debuggerAddress: localhost:58288}, networkConnectionEnabled: false, pageLoadStrategy: normal, platformName: windows, proxy: Proxy(), se:cdp: ws://localhost:58288/devtoo..., se:cdpVersion: 126.0.6478.115, setWindowRect: true, strictFileInteractability: false, timeouts: {implicit: 0, pageLoad: 300000, script: 30000}, unhandledPromptBehavior: dismiss and notify, webauthn:extension:credBlob: true, webauthn:extension:largeBlob: true, webauthn:extension:minPinLength: true, webauthn:extension:prf: true, webauthn:virtualAuthenticators: true}
Element: [[ChromeDriver: chrome on windows (35c64bf06b808594e0928a4156bfba23)] -> xpath: //button[@id='Logout']]
Session ID: 35c64bf06b808594e0928a4156bfba23
	at java.base/jdk.internal.reflect.DirectConstructorHandleAccessor.newInstance(DirectConstructorHandleAccessor.java:62)
	at java.base/java.lang.reflect.Constructor.newInstanceWithCaller(Constructor.java:502)
	at java.base/java.lang.reflect.Constructor.newInstance(Constructor.java:486)
	at org.openqa.selenium.remote.codec.w3c.W3CHttpResponseCodec.createException(W3CHttpResponseCodec.java:200)
	at org.openqa.selenium.remote.codec.w3c.W3CHttpResponseCodec.decode(W3CHttpResponseCodec.java:133)
	at org.openqa.selenium.remote.codec.w3c.W3CHttpResponseCodec.decode(W3CHttpResponseCodec.java:52)
	at org.openqa.selenium.remote.HttpCommandExecutor.execute(HttpCommandExecutor.java:191)
	at org.openqa.selenium.remote.service.DriverCommandExecutor.invokeExecute(DriverCommandExecutor.java:200)
	at org.openqa.selenium.remote.service.DriverCommandExecutor.execute(DriverCommandExecutor.java:175)
	at org.openqa.selenium.remote.RemoteWebDriver.execute(RemoteWebDriver.java:607)
	at org.openqa.selenium.remote.RemoteWebElement.execute(RemoteWebElement.java:224)
	at org.openqa.selenium.remote.RemoteWebElement.click(RemoteWebElement.java:77)
	at java.base/jdk.internal.reflect.DirectMethodHandleAccessor.invoke(DirectMethodHandleAccessor.java:103)
	at java.base/java.lang.reflect.Method.invoke(Method.java:580)
	at org.openqa.selenium.support.pagefactory.internal.LocatingElementHandler.invoke(LocatingElementHandler.java:51)
	at jdk.proxy2/jdk.proxy2.$Proxy32.click(Unknown Source)
	at ObjectRepository.CallcenterRegPage.logOutSuccess(CallcenterRegPage.java:863)
	at CallCenterModule.Test_CallCenterModule.test_verify_logoff_successfully(Test_CallCenterModule.java:983)
	at java.base/jdk.internal.reflect.DirectMethodHandleAccessor.invoke(DirectMethodHandleAccessor.java:103)
	at java.base/java.lang.reflect.Method.invoke(Method.java:580)
	at org.testng.internal.invokers.MethodInvocationHelper.invokeMethod(MethodInvocationHelper.java:139)
	at org.testng.internal.invokers.TestInvoker.invokeMethod(TestInvoker.java:664)
	at org.testng.internal.invokers.TestInvoker.invokeTestMethod(TestInvoker.java:227)
	at org.testng.internal.invokers.MethodRunner.runInSequence(MethodRunner.java:50)
	at org.testng.internal.invokers.TestInvoker$MethodInvocationAgent.invoke(TestInvoker.java:957)
	at org.testng.internal.invokers.TestInvoker.invokeTestMethods(TestInvoker.java:200)
	at org.testng.internal.invokers.TestMethodWorker.invokeTestMethods(TestMethodWorker.java:148)
	at org.testng.internal.invokers.TestMethodWorker.run(TestMethodWorker.java:128)
	at java.base/java.util.ArrayList.forEach(ArrayList.java:1596)
	at org.testng.TestRunner.privateRun(TestRunner.java:848)
	at org.testng.TestRunner.run(TestRunner.java:621)
	at org.testng.SuiteRunner.runTest(SuiteRunner.java:443)
	at org.testng.SuiteRunner.runSequentially(SuiteRunner.java:437)
	at org.testng.SuiteRunner.privateRun(SuiteRunner.java:397)
	at org.testng.SuiteRunner.run(SuiteRunner.java:336)
	at org.testng.SuiteRunnerWorker.runSuite(SuiteRunnerWorker.java:52)
	at org.testng.SuiteRunnerWorker.run(SuiteRunnerWorker.java:95)
	at org.testng.TestNG.runSuitesSequentially(TestNG.java:1280)
	at org.testng.TestNG.runSuitesLocally(TestNG.java:1200)
	at org.testng.TestNG.runSuites(TestNG.java:1114)
	at org.testng.TestNG.run(TestNG.java:1082)
	at com.intellij.rt.testng.IDEARemoteTestNG.run(IDEARemoteTestNG.java:65)
	at com.intellij.rt.testng.RemoteTestNGStarter.main(RemoteTestNGStarter.java:105)

2024-06-24T16:45:14,887 [main] INFO  (Test_CallCenterRegistration_Against_Broker.java:66) - Test Passed :Complaint registered Against Broker by Call Center User
2024-06-24T16:46:22,659 [main] INFO  (Test_CallCenterRegistration_Against_Insurance_Company.java:65) - Test Passed : Complaint registered Against Insurance company on behalf of policy holder
2024-06-24T16:47:28,862 [main] INFO  (Test_CallCenterRegistration_ByEmailId.java:65) - Test Passed : Complaint registered by email Id on behalf of policy holder
2024-06-24T16:48:34,071 [main] INFO  (Test_CallCenterRegistration_ByMobileNumber.java:65) - Test Passed : Complaint registered by mobile number on behalf of policy holder
2024-06-24T16:49:43,563 [main] INFO  (Test_CallCenterRegistration_DefaultTATDays.java:66) - Test Passed : Complaint registered for VIP policy holder with default TAT Days
2024-06-24T16:51:12,581 [main] INFO  (Test_CallCenterRegistration_DuplicateComplaint.java:82) - Test Passed : Call center user not able to register duplicate complaint
2024-06-24T16:52:16,982 [main] INFO  (Test_CallCenterRegistration_NewPolicyHolder.java:63) - Test Passed : Complaint registered for New policy holder
2024-06-24T16:53:31,152 [main] INFO  (Test_CallCenterRegistration_UnregEntity_WithInsCompany.java:74) - Test Passed : Complaint registered Against Unregistered entity with insurance company
2024-06-24T16:54:37,191 [main] INFO  (Test_CallCenterRegistration_UnregEntity_WithoutInsCompany.java:70) - Test Passed : Complaint registered Against Unregistered entity without insurance company
2024-06-24T16:55:51,719 [main] INFO  (Test_CallCenterRegistration_VIP_PolicyHolder.java:67) - Test Passed : Complaint registered for VIP policy holder with specified TAT Days
2024-06-24T16:57:30,180 [main] ERROR (MainClass.java:118) - org.openqa.selenium.ElementNotInteractableException: element not interactable
  (Session info: chrome=126.0.6478.115)
Build info: version: '4.15.0', revision: '1d14b5521b'
System info: os.name: 'Windows 11', os.arch: 'amd64', os.version: '10.0', java.version: '21.0.2'
Driver info: org.openqa.selenium.chrome.ChromeDriver
Command: [e5e0aa842af933284695e381b66ef9ef, clickElement {id=f.3960BF11848E6F2B3040C286AC4E6E01.d.42E65F69ACB46CAB315E5DA9C86FAD14.e.216}]
Capabilities {acceptInsecureCerts: false, browserName: chrome, browserVersion: 126.0.6478.115, chrome: {chromedriverVersion: 126.0.6478.63 (df799988fdc9..., userDataDir: C:\Users\ABHISH~1\AppData\L...}, fedcm:accounts: true, goog:chromeOptions: {debuggerAddress: localhost:59237}, networkConnectionEnabled: false, pageLoadStrategy: normal, platformName: windows, proxy: Proxy(), se:cdp: ws://localhost:59237/devtoo..., se:cdpVersion: 126.0.6478.115, setWindowRect: true, strictFileInteractability: false, timeouts: {implicit: 0, pageLoad: 300000, script: 30000}, unhandledPromptBehavior: dismiss and notify, webauthn:extension:credBlob: true, webauthn:extension:largeBlob: true, webauthn:extension:minPinLength: true, webauthn:extension:prf: true, webauthn:virtualAuthenticators: true}
Element: [[ChromeDriver: chrome on windows (e5e0aa842af933284695e381b66ef9ef)] -> xpath: //button[@id='btnsave']]
Session ID: e5e0aa842af933284695e381b66ef9ef
	at java.base/jdk.internal.reflect.DirectConstructorHandleAccessor.newInstance(DirectConstructorHandleAccessor.java:62)
	at java.base/java.lang.reflect.Constructor.newInstanceWithCaller(Constructor.java:502)
	at java.base/java.lang.reflect.Constructor.newInstance(Constructor.java:486)
	at org.openqa.selenium.remote.codec.w3c.W3CHttpResponseCodec.createException(W3CHttpResponseCodec.java:200)
	at org.openqa.selenium.remote.codec.w3c.W3CHttpResponseCodec.decode(W3CHttpResponseCodec.java:133)
	at org.openqa.selenium.remote.codec.w3c.W3CHttpResponseCodec.decode(W3CHttpResponseCodec.java:52)
	at org.openqa.selenium.remote.HttpCommandExecutor.execute(HttpCommandExecutor.java:191)
	at org.openqa.selenium.remote.service.DriverCommandExecutor.invokeExecute(DriverCommandExecutor.java:200)
	at org.openqa.selenium.remote.service.DriverCommandExecutor.execute(DriverCommandExecutor.java:175)
	at org.openqa.selenium.remote.RemoteWebDriver.execute(RemoteWebDriver.java:607)
	at org.openqa.selenium.remote.RemoteWebElement.execute(RemoteWebElement.java:224)
	at org.openqa.selenium.remote.RemoteWebElement.click(RemoteWebElement.java:77)
	at java.base/jdk.internal.reflect.DirectMethodHandleAccessor.invoke(DirectMethodHandleAccessor.java:103)
	at java.base/java.lang.reflect.Method.invoke(Method.java:580)
	at org.openqa.selenium.support.pagefactory.internal.LocatingElementHandler.invoke(LocatingElementHandler.java:51)
	at jdk.proxy2/jdk.proxy2.$Proxy32.click(Unknown Source)
	at ObjectRepository.CallcenterRegPage.clickOnRegister(CallcenterRegPage.java:842)
	at CallCenterModule.Test_CallCenterRegistration_With_FileAttachment.test_callCenter_registration_with_fileAttachment(Test_CallCenterRegistration_With_FileAttachment.java:60)
	at java.base/jdk.internal.reflect.DirectMethodHandleAccessor.invoke(DirectMethodHandleAccessor.java:103)
	at java.base/java.lang.reflect.Method.invoke(Method.java:580)
	at org.testng.internal.invokers.MethodInvocationHelper.invokeMethod(MethodInvocationHelper.java:139)
	at org.testng.internal.invokers.TestInvoker.invokeMethod(TestInvoker.java:664)
	at org.testng.internal.invokers.TestInvoker.invokeTestMethod(TestInvoker.java:227)
	at org.testng.internal.invokers.MethodRunner.runInSequence(MethodRunner.java:50)
	at org.testng.internal.invokers.TestInvoker$MethodInvocationAgent.invoke(TestInvoker.java:957)
	at org.testng.internal.invokers.TestInvoker.invokeTestMethods(TestInvoker.java:200)
	at org.testng.internal.invokers.TestMethodWorker.invokeTestMethods(TestMethodWorker.java:148)
	at org.testng.internal.invokers.TestMethodWorker.run(TestMethodWorker.java:128)
	at java.base/java.util.ArrayList.forEach(ArrayList.java:1596)
	at org.testng.TestRunner.privateRun(TestRunner.java:848)
	at org.testng.TestRunner.run(TestRunner.java:621)
	at org.testng.SuiteRunner.runTest(SuiteRunner.java:443)
	at org.testng.SuiteRunner.runSequentially(SuiteRunner.java:437)
	at org.testng.SuiteRunner.privateRun(SuiteRunner.java:397)
	at org.testng.SuiteRunner.run(SuiteRunner.java:336)
	at org.testng.SuiteRunnerWorker.runSuite(SuiteRunnerWorker.java:52)
	at org.testng.SuiteRunnerWorker.run(SuiteRunnerWorker.java:95)
	at org.testng.TestNG.runSuitesSequentially(TestNG.java:1280)
	at org.testng.TestNG.runSuitesLocally(TestNG.java:1200)
	at org.testng.TestNG.runSuites(TestNG.java:1114)
	at org.testng.TestNG.run(TestNG.java:1082)
	at com.intellij.rt.testng.IDEARemoteTestNG.run(IDEARemoteTestNG.java:65)
	at com.intellij.rt.testng.RemoteTestNGStarter.main(RemoteTestNGStarter.java:105)

