2024-06-25T16:09:16,217 [main] INFO  (Test_CallCenterModule.java:50) - Test Passed : Menu button is visible and clickable on the web page
2024-06-25T16:09:22,634 [main] INFO  (Test_CallCenterModule.java:75) - Test Passed : User is able to open Registration Against Entity By IRDAI Page
2024-06-25T16:09:22,730 [main] INFO  (Test_CallCenterModule.java:94) - Test Passed : Identify By drop down is visible on the web page
2024-06-25T16:09:22,786 [main] INFO  (Test_CallCenterModule.java:104) - Test Passed : Mobile number or Email input field is visible on the page
2024-06-25T16:09:22,827 [main] INFO  (Test_CallCenterModule.java:114) - Test Passed : Search button present on the web page
2024-06-25T16:09:22,874 [main] INFO  (Test_CallCenterModule.java:124) - Test Passed : PinCode checkbox is visible and enabled
2024-06-25T16:09:30,242 [main] INFO  (Test_CallCenterModule.java:148) - Test Passed : Back button functionality is working by dismissing alert pop up
2024-06-25T16:09:31,552 [main] ERROR (Test_CallCenterModule.java:175) - Test Failed : Back button functionality not working by accepting alert pop up!
2024-06-25T16:09:32,717 [main] ERROR (MainClass.java:118) - org.openqa.selenium.ElementClickInterceptedException: element click intercepted: Element <span class="label_menu m-hide">...</span> is not clickable at point (377, 63). Other element would receive the click: <div class="modal show" id="confirmationDialog" style="display: block; padding-right: 8px;">...</div>
  (Session info: chrome=126.0.6478.115)
Build info: version: '4.15.0', revision: '1d14b5521b'
System info: os.name: 'Windows 11', os.arch: 'amd64', os.version: '10.0', java.version: '21.0.2'
Driver info: org.openqa.selenium.chrome.ChromeDriver
Command: [dce8971cd36bd5dbc2fbd1f011cc30f4, clickElement {id=f.423BB72D897890F14067BBF051976C93.d.15AB41A5515E3F2ED909078C1702B9FC.e.309}]
Capabilities {acceptInsecureCerts: false, browserName: chrome, browserVersion: 126.0.6478.115, chrome: {chromedriverVersion: 126.0.6478.126 (d36ace6122e..., userDataDir: C:\Users\ABHISH~1\AppData\L...}, fedcm:accounts: true, goog:chromeOptions: {debuggerAddress: localhost:55461}, networkConnectionEnabled: false, pageLoadStrategy: normal, platformName: windows, proxy: Proxy(), se:cdp: ws://localhost:55461/devtoo..., se:cdpVersion: 126.0.6478.115, setWindowRect: true, strictFileInteractability: false, timeouts: {implicit: 0, pageLoad: 300000, script: 30000}, unhandledPromptBehavior: dismiss and notify, webauthn:extension:credBlob: true, webauthn:extension:largeBlob: true, webauthn:extension:minPinLength: true, webauthn:extension:prf: true, webauthn:virtualAuthenticators: true}
Element: [[ChromeDriver: chrome on windows (dce8971cd36bd5dbc2fbd1f011cc30f4)] -> xpath: //span[text()= 'Menu']]
Session ID: dce8971cd36bd5dbc2fbd1f011cc30f4
	at java.base/jdk.internal.reflect.DirectConstructorHandleAccessor.newInstance(DirectConstructorHandleAccessor.java:62)
	at java.base/java.lang.reflect.Constructor.newInstanceWithCaller(Constructor.java:502)
	at java.base/java.lang.reflect.Constructor.newInstance(Constructor.java:486)
	at org.openqa.selenium.remote.codec.w3c.W3CHttpResponseCodec.createException(W3CHttpResponseCodec.java:200)
	at org.openqa.selenium.remote.codec.w3c.W3CHttpResponseCodec.decode(W3CHttpResponseCodec.java:133)
	at org.openqa.selenium.remote.codec.w3c.W3CHttpResponseCodec.decode(W3CHttpResponseCodec.java:52)
	at org.openqa.selenium.remote.HttpCommandExecutor.execute(HttpCommandExecutor.java:191)
	at org.openqa.selenium.remote.service.DriverCommandExecutor.invokeExecute(DriverCommandExecutor.java:200)
	at org.openqa.selenium.remote.service.DriverCommandExecutor.execute(DriverCommandExecutor.java:175)
	at org.openqa.selenium.remote.RemoteWebDriver.execute(RemoteWebDriver.java:607)
	at org.openqa.selenium.remote.RemoteWebElement.execute(RemoteWebElement.java:224)
	at org.openqa.selenium.remote.RemoteWebElement.click(RemoteWebElement.java:77)
	at java.base/jdk.internal.reflect.DirectMethodHandleAccessor.invoke(DirectMethodHandleAccessor.java:103)
	at java.base/java.lang.reflect.Method.invoke(Method.java:580)
	at org.openqa.selenium.support.pagefactory.internal.LocatingElementHandler.invoke(LocatingElementHandler.java:51)
	at jdk.proxy2/jdk.proxy2.$Proxy32.click(Unknown Source)
	at ObjectRepository.SidebarHeader.clickMenu(SidebarHeader.java:44)
	at CallCenterModule.Test_CallCenterModule.test_IsComplaintRegistered_btn(Test_CallCenterModule.java:186)
	at java.base/jdk.internal.reflect.DirectMethodHandleAccessor.invoke(DirectMethodHandleAccessor.java:103)
	at java.base/java.lang.reflect.Method.invoke(Method.java:580)
	at org.testng.internal.invokers.MethodInvocationHelper.invokeMethod(MethodInvocationHelper.java:139)
	at org.testng.internal.invokers.TestInvoker.invokeMethod(TestInvoker.java:664)
	at org.testng.internal.invokers.TestInvoker.invokeTestMethod(TestInvoker.java:227)
	at org.testng.internal.invokers.MethodRunner.runInSequence(MethodRunner.java:50)
	at org.testng.internal.invokers.TestInvoker$MethodInvocationAgent.invoke(TestInvoker.java:957)
	at org.testng.internal.invokers.TestInvoker.invokeTestMethods(TestInvoker.java:200)
	at org.testng.internal.invokers.TestMethodWorker.invokeTestMethods(TestMethodWorker.java:148)
	at org.testng.internal.invokers.TestMethodWorker.run(TestMethodWorker.java:128)
	at java.base/java.util.ArrayList.forEach(ArrayList.java:1596)
	at org.testng.TestRunner.privateRun(TestRunner.java:848)
	at org.testng.TestRunner.run(TestRunner.java:621)
	at org.testng.SuiteRunner.runTest(SuiteRunner.java:443)
	at org.testng.SuiteRunner.runSequentially(SuiteRunner.java:437)
	at org.testng.SuiteRunner.privateRun(SuiteRunner.java:397)
	at org.testng.SuiteRunner.run(SuiteRunner.java:336)
	at org.testng.SuiteRunnerWorker.runSuite(SuiteRunnerWorker.java:52)
	at org.testng.SuiteRunnerWorker.run(SuiteRunnerWorker.java:95)
	at org.testng.TestNG.runSuitesSequentially(TestNG.java:1280)
	at org.testng.TestNG.runSuitesLocally(TestNG.java:1200)
	at org.testng.TestNG.runSuites(TestNG.java:1114)
	at org.testng.TestNG.run(TestNG.java:1082)
	at com.intellij.rt.testng.IDEARemoteTestNG.run(IDEARemoteTestNG.java:65)
	at com.intellij.rt.testng.RemoteTestNGStarter.main(RemoteTestNGStarter.java:105)

2024-06-25T16:09:33,865 [main] ERROR (MainClass.java:118) - org.openqa.selenium.ElementClickInterceptedException: element click intercepted: Element <div class="chosen-container chosen-container-single" style="width: 277px;" title="" id="ddlidentifyby_chosen">...</div> is not clickable at point (489, 267). Other element would receive the click: <div class="modal-body">...</div>
  (Session info: chrome=126.0.6478.115)
Build info: version: '4.15.0', revision: '1d14b5521b'
System info: os.name: 'Windows 11', os.arch: 'amd64', os.version: '10.0', java.version: '21.0.2'
Driver info: org.openqa.selenium.chrome.ChromeDriver
Command: [dce8971cd36bd5dbc2fbd1f011cc30f4, clickElement {id=f.423BB72D897890F14067BBF051976C93.d.15AB41A5515E3F2ED909078C1702B9FC.e.297}]
Capabilities {acceptInsecureCerts: false, browserName: chrome, browserVersion: 126.0.6478.115, chrome: {chromedriverVersion: 126.0.6478.126 (d36ace6122e..., userDataDir: C:\Users\ABHISH~1\AppData\L...}, fedcm:accounts: true, goog:chromeOptions: {debuggerAddress: localhost:55461}, networkConnectionEnabled: false, pageLoadStrategy: normal, platformName: windows, proxy: Proxy(), se:cdp: ws://localhost:55461/devtoo..., se:cdpVersion: 126.0.6478.115, setWindowRect: true, strictFileInteractability: false, timeouts: {implicit: 0, pageLoad: 300000, script: 30000}, unhandledPromptBehavior: dismiss and notify, webauthn:extension:credBlob: true, webauthn:extension:largeBlob: true, webauthn:extension:minPinLength: true, webauthn:extension:prf: true, webauthn:virtualAuthenticators: true}
Element: [[ChromeDriver: chrome on windows (dce8971cd36bd5dbc2fbd1f011cc30f4)] -> xpath: //div[@id='ddlidentifyby_chosen']]
Session ID: dce8971cd36bd5dbc2fbd1f011cc30f4
	at java.base/jdk.internal.reflect.DirectConstructorHandleAccessor.newInstance(DirectConstructorHandleAccessor.java:62)
	at java.base/java.lang.reflect.Constructor.newInstanceWithCaller(Constructor.java:502)
	at java.base/java.lang.reflect.Constructor.newInstance(Constructor.java:486)
	at org.openqa.selenium.remote.codec.w3c.W3CHttpResponseCodec.createException(W3CHttpResponseCodec.java:200)
	at org.openqa.selenium.remote.codec.w3c.W3CHttpResponseCodec.decode(W3CHttpResponseCodec.java:133)
	at org.openqa.selenium.remote.codec.w3c.W3CHttpResponseCodec.decode(W3CHttpResponseCodec.java:52)
	at org.openqa.selenium.remote.HttpCommandExecutor.execute(HttpCommandExecutor.java:191)
	at org.openqa.selenium.remote.service.DriverCommandExecutor.invokeExecute(DriverCommandExecutor.java:200)
	at org.openqa.selenium.remote.service.DriverCommandExecutor.execute(DriverCommandExecutor.java:175)
	at org.openqa.selenium.remote.RemoteWebDriver.execute(RemoteWebDriver.java:607)
	at org.openqa.selenium.remote.RemoteWebElement.execute(RemoteWebElement.java:224)
	at org.openqa.selenium.remote.RemoteWebElement.click(RemoteWebElement.java:77)
	at java.base/jdk.internal.reflect.DirectMethodHandleAccessor.invoke(DirectMethodHandleAccessor.java:103)
	at java.base/java.lang.reflect.Method.invoke(Method.java:580)
	at org.openqa.selenium.support.pagefactory.internal.LocatingElementHandler.invoke(LocatingElementHandler.java:51)
	at jdk.proxy2/jdk.proxy2.$Proxy32.click(Unknown Source)
	at ObjectRepository.CallcenterRegPage.identifyBy(CallcenterRegPage.java:386)
	at CallCenterModule.Test_CallCenterModule.test_identifyByDropdown_has_mobileNumber(Test_CallCenterModule.java:209)
	at java.base/jdk.internal.reflect.DirectMethodHandleAccessor.invoke(DirectMethodHandleAccessor.java:103)
	at java.base/java.lang.reflect.Method.invoke(Method.java:580)
	at org.testng.internal.invokers.MethodInvocationHelper.invokeMethod(MethodInvocationHelper.java:139)
	at org.testng.internal.invokers.TestInvoker.invokeMethod(TestInvoker.java:664)
	at org.testng.internal.invokers.TestInvoker.invokeTestMethod(TestInvoker.java:227)
	at org.testng.internal.invokers.MethodRunner.runInSequence(MethodRunner.java:50)
	at org.testng.internal.invokers.TestInvoker$MethodInvocationAgent.invoke(TestInvoker.java:957)
	at org.testng.internal.invokers.TestInvoker.invokeTestMethods(TestInvoker.java:200)
	at org.testng.internal.invokers.TestMethodWorker.invokeTestMethods(TestMethodWorker.java:148)
	at org.testng.internal.invokers.TestMethodWorker.run(TestMethodWorker.java:128)
	at java.base/java.util.ArrayList.forEach(ArrayList.java:1596)
	at org.testng.TestRunner.privateRun(TestRunner.java:848)
	at org.testng.TestRunner.run(TestRunner.java:621)
	at org.testng.SuiteRunner.runTest(SuiteRunner.java:443)
	at org.testng.SuiteRunner.runSequentially(SuiteRunner.java:437)
	at org.testng.SuiteRunner.privateRun(SuiteRunner.java:397)
	at org.testng.SuiteRunner.run(SuiteRunner.java:336)
	at org.testng.SuiteRunnerWorker.runSuite(SuiteRunnerWorker.java:52)
	at org.testng.SuiteRunnerWorker.run(SuiteRunnerWorker.java:95)
	at org.testng.TestNG.runSuitesSequentially(TestNG.java:1280)
	at org.testng.TestNG.runSuitesLocally(TestNG.java:1200)
	at org.testng.TestNG.runSuites(TestNG.java:1114)
	at org.testng.TestNG.run(TestNG.java:1082)
	at com.intellij.rt.testng.IDEARemoteTestNG.run(IDEARemoteTestNG.java:65)
	at com.intellij.rt.testng.RemoteTestNGStarter.main(RemoteTestNGStarter.java:105)

2024-06-25T16:09:33,921 [main] INFO  (Test_CallCenterModule.java:231) - Test Passed : Search button is enabled
2024-06-25T16:09:39,481 [main] INFO  (Test_CallCenterModule.java:344) - Test Passed : Email ID option present and it's label and field is visible
2024-06-25T16:09:42,739 [main] INFO  (Test_CallCenterModule.java:366) - Test Passed : Warning pop up displayed when searching with empty emailID field
2024-06-25T16:09:48,126 [main] INFO  (Test_CallCenterModule.java:387) - Test Passed : Warning popUp displayed for invalid email Id
2024-06-25T16:09:52,488 [main] INFO  (Test_CallCenterModule.java:408) - Test Passed : Existing user details displayed correctly with valid email ID
2024-06-25T16:09:52,674 [main] INFO  (Test_CallCenterModule.java:481) - Test Passed : Call center user is able to interact with complaint against dropdown
2024-06-25T16:09:55,018 [main] INFO  (Test_CallCenterModule.java:498) - Test Passed : Required fields are displayed for complaint against insurance company
2024-06-25T16:09:57,334 [main] INFO  (Test_CallCenterModule.java:517) - Test Passed : Expected error message displayed for select option in complaint against dropdown
2024-06-25T16:10:05,102 [main] INFO  (Test_CallCenterModule.java:537) - Test Passed : Only Required fields are visible for complaint against unregistered entity without involvement of insurance company
2024-06-25T16:10:11,774 [main] INFO  (Test_CallCenterModule.java:558) - Test Passed : Required fields are visible for complaint against unregistered entity with involvement of insurance company
2024-06-25T16:10:16,191 [main] INFO  (Test_CallCenterModule.java:577) - Test Passed : Required fields are visible for complaint against insurance intermediary
2024-06-25T16:10:18,527 [main] INFO  (Test_CallCenterModule.java:596) - Test Passed : Broker dropdown list and it's license number field is visible
2024-06-25T16:10:21,473 [main] INFO  (Test_CallCenterModule.java:606) - Test Passed : Broker license number populated correctly
2024-06-25T16:10:21,619 [main] INFO  (Test_CallCenterModule.java:625) - Test Passed : All identifier type radio buttons are enabled
2024-06-25T16:10:21,934 [main] INFO  (Test_CallCenterModule.java:645) - Test Passed : Error message displayed for empty policy/proposal/certificate/claim number field
2024-06-25T16:10:33,758 [main] INFO  (Test_CallCenterModule.java:665) - Test Passed : Alert pop up displayed when reaching maximum limit
2024-06-25T16:10:38,347 [main] INFO  (Test_CallCenterModule.java:689) - Test Passed : Error message displayed for empty complaint details field
2024-06-25T16:10:39,671 [main] INFO  (Test_CallCenterModule.java:709) - Test Passed : Error message displayed for special characters entered in complaint details field
2024-06-25T16:11:05,268 [main] INFO  (Test_CallCenterModule.java:729) - Test Passed : Alert pop up displayed when reaching maximum limit
2024-06-25T16:11:06,805 [main] INFO  (Test_CallCenterModule.java:749) - Test Passed : Error message displayed when source of complaint not selected
2024-06-25T16:11:15,272 [main] INFO  (Test_CallCenterModule.java:769) - Test Passed : Error message displayed when date of letter not selected
2024-06-25T16:11:16,104 [main] INFO  (Test_CallCenterModule.java:788) - Test Passed : Error message displayed for invalid date format
2024-06-25T16:11:17,541 [main] INFO  (Test_CallCenterModule.java:808) - Test Passed : Error message displayed when date of receipt of complaint not selected
2024-06-25T16:11:18,204 [main] INFO  (Test_CallCenterModule.java:827) - Test Passed : Error message displayed for date of receipt of complaint with invalid date format
2024-06-25T16:11:21,694 [main] INFO  (Test_CallCenterModule.java:850) - Test Passed : Call center user is not able to upload other file formats
2024-06-25T16:11:23,974 [main] INFO  (Test_CallCenterModule.java:872) - Test Passed : Call center user is not able to upload more than 10mb size file
2024-06-25T16:11:26,706 [main] INFO  (Test_CallCenterModule.java:893) - Test Passed : Error message displayed for special characters entered in priority handling details field
2024-06-25T16:11:51,114 [main] INFO  (Test_CallCenterModule.java:911) - Test Passed : Alert pop up displayed when reaching maximum limit
2024-06-25T16:11:51,744 [main] INFO  (Test_CallCenterModule.java:931) - Test Passed : Error message displayed for special characters entered in remarks field
2024-06-25T16:12:16,202 [main] INFO  (Test_CallCenterModule.java:950) - Test Passed : Alert pop up displayed when reaching maximum limit
2024-06-25T16:12:23,545 [main] ERROR (Test_CallCenterModule.java:977) - Test Failed : LogOff functionality not working as expected!
2024-06-25T16:12:25,102 [main] INFO  (Test_CallCenterModule.java:992) - Test Passed : Call center user is able to logOff successfully
